<?xml version="1.0" encoding="UTF-8"?>
<testng-results ignored="0" total="1" passed="1" failed="0" skipped="0">
  <reporter-output>
  </reporter-output>
  <suite started-at="2024-02-10T01:51:07 EET" name="Default suite" finished-at="2024-02-10T01:51:29 EET" duration-ms="21939">
    <groups>
    </groups>
    <test started-at="2024-02-10T01:51:07 EET" name="Default test" finished-at="2024-02-10T01:51:29 EET" duration-ms="21939">
      <class name="smokeTest.addWatchesWithPriceGreaterThan50ToCompareList">
        <test-method is-config="true" signature="initData()[pri:0, instance:smokeTest.addWatchesWithPriceGreaterThan50ToCompareList@13b13b5d]" started-at="2024-02-10T01:51:07 EET" name="initData" finished-at="2024-02-10T01:51:13 EET" duration-ms="6040" status="PASS">
          <reporter-output>
          </reporter-output>
        </test-method> <!-- initData -->
        <test-method signature="addWatchesWithPriceGreaterThan50ToTheCompareList()[pri:0, instance:smokeTest.addWatchesWithPriceGreaterThan50ToCompareList@13b13b5d]" started-at="2024-02-10T01:51:13 EET" name="addWatchesWithPriceGreaterThan50ToTheCompareList" description="Add all watches with price &gt; 50 to compare list" finished-at="2024-02-10T01:51:29 EET" duration-ms="15679" status="PASS">
          <reporter-output>
          </reporter-output>
        </test-method> <!-- addWatchesWithPriceGreaterThan50ToTheCompareList -->
        <test-method is-config="true" signature="afterTest()[pri:0, instance:smokeTest.addWatchesWithPriceGreaterThan50ToCompareList@13b13b5d]" started-at="2024-02-10T01:51:29 EET" name="afterTest" finished-at="2024-02-10T01:51:29 EET" duration-ms="164" status="PASS">
          <reporter-output>
          </reporter-output>
        </test-method> <!-- afterTest -->
      </class> <!-- smokeTest.addWatchesWithPriceGreaterThan50ToCompareList -->
    </test> <!-- Default test -->
  </suite> <!-- Default suite -->
</testng-results>
